<?xml version="1.0" encoding="UTF-8"?>
<!-- Generated by org.testng.reporters.JUnitXMLReporter -->
<testsuite hostname="DESKTOP-H4ANUV3" name="ListenerTest" tests="2" failures="1" timestamp="24 Apr 2019 09:38:35 GMT" time="15.368" errors="0">
  <testcase name="googleTitleVerify" time="15.295" classname="TestNG.MyFirstTestCase"/>
  <testcase name="titleMatch" time="0.012" classname="TestNG.MyFirstTestCase">
    <failure type="java.lang.AssertionError">
      <![CDATA[java.lang.AssertionError
	at org.junit.Assert.fail(Assert.java:86)
	at org.junit.Assert.assertTrue(Assert.java:41)
	at org.junit.Assert.assertTrue(Assert.java:52)
	at TestNG.MyFirstTestCase.titleMatch(MyFirstTestCase.java:25)
... Removed 24 stack frames]]>
    </failure>
  </testcase> <!-- titleMatch -->
</testsuite> <!-- ListenerTest -->
