<?xml version="1.0" encoding="UTF-8"?>
<testng-results skipped="0" failed="0" total="2" passed="2">
  <reporter-output>
  </reporter-output>
  <suite name="Default suite" duration-ms="30151" started-at="2019-06-01T04:18:42Z" finished-at="2019-06-01T04:19:12Z">
    <groups>
    </groups>
    <test name="Default test" duration-ms="30151" started-at="2019-06-01T04:18:42Z" finished-at="2019-06-01T04:19:12Z">
      <class name="testNG2.GooglrTitletest">
        <test-method status="PASS" signature="setUp()[pri:0, instance:testNG2.GooglrTitletest@16c0663d]" name="setUp" is-config="true" duration-ms="14452" started-at="2019-06-01T09:48:42Z" finished-at="2019-06-01T09:48:56Z">
          <reporter-output>
          </reporter-output>
        </test-method> <!-- setUp -->
        <test-method status="PASS" signature="googleLogoTest()[pri:0, instance:testNG2.GooglrTitletest@16c0663d]" name="googleLogoTest" duration-ms="230" started-at="2019-06-01T09:48:56Z" finished-at="2019-06-01T09:48:57Z">
          <reporter-output>
          </reporter-output>
        </test-method> <!-- googleLogoTest -->
        <test-method status="PASS" signature="tearDown()[pri:0, instance:testNG2.GooglrTitletest@16c0663d]" name="tearDown" is-config="true" duration-ms="1515" started-at="2019-06-01T09:48:57Z" finished-at="2019-06-01T09:48:58Z">
          <reporter-output>
          </reporter-output>
        </test-method> <!-- tearDown -->
        <test-method status="PASS" signature="setUp()[pri:0, instance:testNG2.GooglrTitletest@16c0663d]" name="setUp" is-config="true" duration-ms="12507" started-at="2019-06-01T09:48:58Z" finished-at="2019-06-01T09:49:11Z">
          <reporter-output>
          </reporter-output>
        </test-method> <!-- setUp -->
        <test-method status="PASS" signature="googleTitleTest()[pri:0, instance:testNG2.GooglrTitletest@16c0663d]" name="googleTitleTest" duration-ms="23" started-at="2019-06-01T09:49:11Z" finished-at="2019-06-01T09:49:11Z">
          <reporter-output>
          </reporter-output>
        </test-method> <!-- googleTitleTest -->
        <test-method status="PASS" signature="tearDown()[pri:0, instance:testNG2.GooglrTitletest@16c0663d]" name="tearDown" is-config="true" duration-ms="1396" started-at="2019-06-01T09:49:11Z" finished-at="2019-06-01T09:49:12Z">
          <reporter-output>
          </reporter-output>
        </test-method> <!-- tearDown -->
      </class> <!-- testNG2.GooglrTitletest -->
    </test> <!-- Default test -->
  </suite> <!-- Default suite -->
</testng-results>
